2025-12-23 22:09:19,054 - INFO - Data loaded
2025-12-23 22:09:19,054 - INFO - Total Rows in the data : 50000
2025-12-23 22:09:19,054 - INFO - Total columns in the data : 109
2025-12-23 22:09:19,058 - INFO - Checking Null Values : var_1      0
var_2      0
var_3      0
var_4      0
var_5      0
          ..
var_105    0
var_106    0
var_107    0
var_108    0
var_109    0
Length: 109, dtype: int64
2025-12-23 22:09:19,077 - INFO - X shape : (50000, 108)
2025-12-23 22:09:19,077 - INFO - y shape : (50000,)
2025-12-23 22:09:19,117 - INFO - Index(['var_1', 'var_2', 'var_3', 'var_4', 'var_5', 'var_6', 'var_7', 'var_8',
       'var_9', 'var_10',
       ...
       'var_99', 'var_100', 'var_101', 'var_102', 'var_103', 'var_104',
       'var_105', 'var_106', 'var_107', 'var_108'],
      dtype='object', length=108)
2025-12-23 22:09:19,117 - INFO - Index(['var_1', 'var_2', 'var_3', 'var_4', 'var_5', 'var_6', 'var_7', 'var_8',
       'var_9', 'var_10',
       ...
       'var_99', 'var_100', 'var_101', 'var_102', 'var_103', 'var_104',
       'var_105', 'var_106', 'var_107', 'var_108'],
      dtype='object', length=108)
2025-12-23 22:09:19,118 - INFO - 29483    5
14477    3
8149     3
48752    0
12339    4
Name: var_109, dtype: int64
2025-12-23 22:09:19,121 - INFO - 1952     1
10239    8
46078    2
44528    2
38978    1
Name: var_109, dtype: int64
2025-12-23 22:09:19,121 - INFO - Training data size : (40000, 108)
2025-12-23 22:09:19,121 - INFO - Testing data size : (10000, 108)
2025-12-23 22:09:19,121 - INFO - Missing Values
2025-12-23 22:09:19,133 - INFO - No Missing values in X_train and X_test
2025-12-23 22:09:19,133 - INFO - Variable Transformation Started
2025-12-23 22:09:19,133 - INFO - Columns of X_train:Index(['var_1', 'var_2', 'var_3', 'var_4', 'var_5', 'var_6', 'var_7', 'var_8',
       'var_9', 'var_10',
       ...
       'var_99', 'var_100', 'var_101', 'var_102', 'var_103', 'var_104',
       'var_105', 'var_106', 'var_107', 'var_108'],
      dtype='object', length=108)
2025-12-23 22:09:19,133 - INFO - Columns of X_test:Index(['var_1', 'var_2', 'var_3', 'var_4', 'var_5', 'var_6', 'var_7', 'var_8',
       'var_9', 'var_10',
       ...
       'var_99', 'var_100', 'var_101', 'var_102', 'var_103', 'var_104',
       'var_105', 'var_106', 'var_107', 'var_108'],
      dtype='object', length=108)
2025-12-23 22:09:19,517 - INFO - ===========================================================
2025-12-23 22:09:19,517 - INFO - Columns of X_train_num:Index(['var_1', 'var_2', 'var_3', 'var_4', 'var_5', 'var_6', 'var_7', 'var_8',
       'var_9', 'var_10',
       ...
       'var_99', 'var_100', 'var_101', 'var_102', 'var_103', 'var_104',
       'var_105', 'var_106', 'var_107', 'var_108'],
      dtype='object', length=108)
2025-12-23 22:09:19,517 - INFO - Columns of X_test_num:Index(['var_1', 'var_2', 'var_3', 'var_4', 'var_5', 'var_6', 'var_7', 'var_8',
       'var_9', 'var_10',
       ...
       'var_99', 'var_100', 'var_101', 'var_102', 'var_103', 'var_104',
       'var_105', 'var_106', 'var_107', 'var_108'],
      dtype='object', length=108)
2025-12-23 22:09:19,517 - INFO - Variable Transformation Completed
2025-12-23 22:09:19,517 - INFO - Balancing Data Started
2025-12-23 22:09:19,517 - INFO - Balanced X_train shape: (40000, 108)
2025-12-23 22:09:19,517 - INFO - Balanced y_train shape: (40000,)
2025-12-23 22:09:19,517 - INFO - Balancing Data Completed
2025-12-23 22:09:19,517 - INFO - Data Scaling Started
2025-12-23 22:09:19,517 - INFO - (40000, 108)
2025-12-23 22:09:19,517 - INFO - (10000, 108)
2025-12-23 22:09:19,591 - INFO - Before:          var_1     var_2     var_3     var_4     var_5     var_6     var_7     var_8  ...   var_101   var_102   var_103   var_104   var_105   var_106   var_107   var_108
39087  1.146181  1.879212  2.612966  1.575108  1.254852  1.007489  1.064911  0.687627  ...  1.908747  1.677735  2.927005  2.815819  1.817479  1.073167  1.014594  1.003492
30893  1.635151  2.083431  1.912702  1.555485  1.204295  1.150897  1.272925  0.721274  ...  2.122511  1.733986  2.903766  2.728985  2.178164  1.042777  1.084167  0.798552
45278  1.888584  1.997198  2.968341  1.769899  1.116306  0.794183  1.435084  0.517540  ...  2.069092  1.509560  2.810768  2.756876  2.101928  0.890703  1.153731  0.702187
16398  1.386294  2.408398  2.760303  1.533208  0.946505  0.592017  1.480200  0.118952  ...  1.743296  1.048021  2.839422  2.696227  1.738798  0.627500  0.486004  0.838507
13653  1.245595  1.978498  3.015535  1.649299  1.127340  1.610766  1.203973  0.989680  ...  2.034706  1.278517  2.976631  2.869408  1.974081  0.898127  1.201470  0.702187
...         ...       ...       ...       ...       ...       ...       ...       ...  ...       ...       ...       ...       ...       ...       ...       ...       ...
11284  1.720132  1.791762  2.890010  1.651070  1.222401  0.515597  1.288460  0.303855  ...  2.019210  1.256368  2.948342  2.929238  2.079572  0.672912  1.084478  1.438414
44732  1.361926  2.384894  2.896865  1.783959  0.596268  0.609368  1.218224  0.212354  ...  2.027919  1.548149  2.912561  2.811561  1.987009  0.953498  1.055731  1.544252
38158  2.120104  1.968266  0.921336  1.402520  0.835372  1.037303  1.003584  0.232676  ...  2.119671  1.927144  2.978358  2.877561  2.234357  1.315345  0.443403  0.838506
860    2.270517  1.391126  2.900432  1.574130  1.055029  1.084469  1.187684  0.571214  ...  2.017173  1.325356  2.813164  2.734608  1.963083  0.890553  0.565026  0.800420
15795  1.606935  1.994945  2.902963  1.761841  1.034370  0.939083  1.341600  0.572649  ...  1.995903  1.294499  2.896215  2.745493  1.958191  0.782520  1.025644  1.280812

[40000 rows x 108 columns]
2025-12-23 22:09:19,659 - INFO - Before:          var_1     var_2     var_3     var_4     var_5     var_6     var_7     var_8  ...   var_101   var_102   var_103   var_104   var_105   var_106   var_107   var_108
33553  1.740466  2.528383  2.551675  1.507017  0.949273  0.964771  1.214830  0.771399  ...  1.864989  1.293887  2.849875  2.770329  1.972292  0.806462  1.314321  1.258685
9427   1.706928  2.215882  2.765734  1.494287  1.072566  0.836031  1.134236  0.319522  ...  1.980981  1.457359  2.850384  2.788354  1.969263  0.829973  0.782988  1.544252
199    1.414244  2.056065  1.964037  1.491793  1.107893  1.296021  1.030446  0.747119  ...  2.214780  1.619281  2.892879  2.786706  2.153707  0.859235  0.970586  0.827088
12447  1.526056  2.004712  2.942400  1.700866  1.259574  1.610766  1.033172  0.671904  ...  2.262304  1.649714  2.884432  2.885384  2.326302  0.903721  1.003302  0.832814
39489  1.394593  2.611365  2.872047  1.371651  0.954006  1.167031  1.094592  0.706172  ...  2.003880  1.534895  2.962366  2.736883  2.031748  0.785929  0.747214  1.009251
...         ...       ...       ...       ...       ...       ...       ...       ...  ...       ...       ...       ...       ...       ...       ...       ...       ...
28567  2.059806  1.275976  2.731190  1.580510  1.313355  0.995673  1.127252  0.552041  ...  2.231192  1.640410  2.916544  2.874185  2.335630  1.135384  1.022793  0.838507
25079  1.763510  2.297368  0.728859  1.183917  0.904468  1.610766  0.692583  0.606226  ...  2.303784  1.927144  2.928851  2.820751  2.312535  1.315345  0.464853  1.544252
18707  2.092813  2.199147  2.334026  1.505620  1.011054  0.996268  1.046388  0.188818  ...  2.170891  1.643124  2.914371  2.837525  2.280767  1.088716  0.396882  0.794605
15200  1.538402  2.413261  2.808033  1.780150  0.738231  0.806476  1.462280  0.263584  ...  1.924309  1.299193  2.773026  2.672889  1.918307  0.733326  0.649345  1.544252
5857   1.682865  2.527716  2.254322  1.495389  1.415632  0.923465  1.168538  0.587787  ...  2.167343  1.646087  2.896581  2.834073  2.253536  0.929954  0.669537  0.821331

[10000 rows x 108 columns]
2025-12-23 22:09:19,714 - INFO - Scaling columns: ['var_1', 'var_2', 'var_3', 'var_4', 'var_5', 'var_6', 'var_7', 'var_8', 'var_9', 'var_10', 'var_11', 'var_12', 'var_13', 'var_14', 'var_15', 'var_16', 'var_17', 'var_18', 'var_19', 'var_20', 'var_21', 'var_22', 'var_23', 'var_24', 'var_25', 'var_26', 'var_27', 'var_28', 'var_29', 'var_30', 'var_31', 'var_32', 'var_33', 'var_34', 'var_35', 'var_36', 'var_37', 'var_38', 'var_39', 'var_40', 'var_41', 'var_42', 'var_43', 'var_44', 'var_45', 'var_46', 'var_47', 'var_48', 'var_49', 'var_50', 'var_51', 'var_52', 'var_53', 'var_54', 'var_55', 'var_56', 'var_57', 'var_58', 'var_59', 'var_60', 'target', 'var_62', 'var_63', 'var_64', 'var_65', 'var_66', 'var_67', 'var_68', 'var_69', 'var_70', 'var_71', 'var_72', 'var_73', 'var_74', 'var_75', 'var_76', 'var_77', 'var_78', 'var_79', 'var_80', 'var_81', 'var_82', 'var_83', 'var_84', 'var_85', 'var_86', 'var_87', 'var_88', 'var_89', 'var_90', 'var_91', 'var_92', 'var_93', 'var_94', 'var_95', 'var_96', 'var_97', 'var_98', 'var_99', 'var_100', 'var_101', 'var_102', 'var_103', 'var_104', 'var_105', 'var_106', 'var_107', 'var_108']
2025-12-23 22:09:19,859 - INFO - Data Scaling Completed
2025-12-23 22:09:19,859 - INFO - Training Started
2025-12-23 22:09:19,859 - INFO - y_train dtype: int64
2025-12-23 22:09:19,859 - INFO - y_train unique values: [ 0  1  2  3  4  5  6  7  8  9 10 11 12 13 14 15 17 18 19 20]
2025-12-23 22:09:45,706 - INFO - Training Completed
